<?xml version="1.0" encoding="UTF-8"?>
<!-- Generated by org.testng.reporters.JUnitReportReporter -->
<testsuite skipped="0" hostname="Dhruba" name="webdriverconcepts.CheckBoxes" tests="1" failures="0" timestamp="2020-02-15T23:30:20 EST" time="14.455" errors="0">
  <testcase name="openBrowser" time="14.455" classname="webdriverconcepts.CheckBoxes"/>
</testsuite> <!-- webdriverconcepts.CheckBoxes -->
