<?xml version="1.0" encoding="UTF-8"?>
<!-- Generated by org.testng.reporters.JUnitReportReporter -->
<testsuite skipped="0" hostname="Dhruba" name="com.qa.testcases.Test3" tests="2" failures="0" timestamp="2021-05-07T16:50:05 EDT" time="0.014" errors="0">
  <testcase name="login" time="0.013" classname="com.qa.testcases.Test3"/>
  <system-out/>
  <testcase name="run" time="0.001" classname="com.qa.testcases.Test3"/>
  <system-out/>
</testsuite> <!-- com.qa.testcases.Test3 -->
