<?xml version="1.0" encoding="UTF-8"?>
<!-- Generated by org.testng.reporters.JUnitReportReporter -->
<testsuite skipped="0" hostname="Dhruba" name="com.qa.testcases.Test2" tests="3" failures="0" timestamp="2020-02-14T07:36:46 EST" time="0.019" errors="0">
  <testcase name="login" time="0.013" classname="com.qa.testcases.Test2"/>
  <system-out/>
  <testcase name="run" time="0.002" classname="com.qa.testcases.Test2"/>
  <system-out/>
  <testcase name="logout" time="0.004" classname="com.qa.testcases.Test2"/>
  <system-out/>
</testsuite> <!-- com.qa.testcases.Test2 -->
