<?xml version="1.0" encoding="UTF-8"?>
<!-- Generated by org.testng.reporters.JUnitReportReporter -->
<testsuite skipped="0" hostname="Dhruba" name="webdriverconcepts.FacebookLandingPage" tests="1" failures="0" timestamp="2020-02-15T15:26:38 EST" time="9.525" errors="0">
  <testcase name="openBrowser" time="9.525" classname="webdriverconcepts.FacebookLandingPage"/>
</testsuite> <!-- webdriverconcepts.FacebookLandingPage -->
