<?xml version="1.0" encoding="UTF-8"?>
<!-- Generated by org.testng.reporters.JUnitReportReporter -->
<testsuite skipped="0" hostname="Dhruba" name="practice.PurchaseItem" tests="1" failures="0" timestamp="2020-02-16T12:21:10 EST" time="13.670" errors="0">
  <testcase name="buyItems" time="13.670" classname="practice.PurchaseItem"/>
</testsuite> <!-- practice.PurchaseItem -->
