<?xml version="1.0" encoding="UTF-8"?>
<!-- Generated by org.testng.reporters.JUnitReportReporter -->
<testsuite skipped="0" hostname="Dhruba" name="webdriverconcepts.SpiceJet" tests="1" failures="0" timestamp="2020-02-16T08:46:23 EST" time="14.895" errors="0">
  <testcase name="openBrowser" time="14.895" classname="webdriverconcepts.SpiceJet"/>
</testsuite> <!-- webdriverconcepts.SpiceJet -->
