<?xml version="1.0" encoding="UTF-8"?>
<!-- Generated by org.testng.reporters.JUnitReportReporter -->
<testsuite skipped="0" hostname="Dhruba" name="webdriverconcepts.RediffExample" tests="1" failures="0" timestamp="2020-02-15T18:12:19 EST" time="30.637" errors="0">
  <testcase name="openBrowser" time="30.637" classname="webdriverconcepts.RediffExample"/>
</testsuite> <!-- webdriverconcepts.RediffExample -->
