<?xml version="1.0" encoding="UTF-8"?>
<!-- Generated by org.testng.reporters.JUnitReportReporter -->
<testsuite skipped="0" hostname="Dhruba" name="com.qa.testcases.Test1" tests="3" failures="0" timestamp="2021-05-07T16:49:47 EDT" time="0.029" errors="0">
  <testcase name="logout" time="0.001" classname="com.qa.testcases.Test1"/>
  <system-out/>
  <testcase name="login" time="0.014" classname="com.qa.testcases.Test1"/>
  <system-out/>
  <testcase name="run" time="0.014" classname="com.qa.testcases.Test1"/>
  <system-out/>
</testsuite> <!-- com.qa.testcases.Test1 -->
