<?xml version="1.0" encoding="UTF-8"?>
<!-- Generated by org.testng.reporters.JUnitReportReporter -->
<testsuite skipped="0" hostname="Dhruba" name="webdriverconcepts.FBLocatorXpath" tests="1" failures="0" timestamp="2020-02-15T17:20:36 EST" time="16.040" errors="0">
  <testcase name="openBrowser" time="16.040" classname="webdriverconcepts.FBLocatorXpath"/>
</testsuite> <!-- webdriverconcepts.FBLocatorXpath -->
