<?xml version="1.0" encoding="UTF-8"?>
<!-- Generated by org.testng.reporters.JUnitReportReporter -->
<testsuite skipped="0" hostname="Dhruba" name="webdriverconcepts.Salesforce" tests="1" failures="0" timestamp="2020-02-15T17:11:07 EST" time="7.855" errors="0">
  <testcase name="openBrowser" time="7.855" classname="webdriverconcepts.Salesforce"/>
</testsuite> <!-- webdriverconcepts.Salesforce -->
