<?xml version="1.0" encoding="UTF-8"?>
<!-- Generated by org.testng.reporters.JUnitReportReporter -->
<testsuite skipped="0" hostname="Dhruba" name="webdriverconcepts.GoogleSearch" tests="1" failures="0" timestamp="2020-02-15T18:48:24 EST" time="5.035" errors="0">
  <testcase name="openBrowser" time="5.035" classname="webdriverconcepts.GoogleSearch"/>
</testsuite> <!-- webdriverconcepts.GoogleSearch -->
